-------------------------------------------------------------------------------
Test set: com.matija.testassignments.Test2
-------------------------------------------------------------------------------
Tests run: 1, Failures: 1, Errors: 0, Skipped: 0, Time elapsed: 5.236 s <<< FAILURE! - in com.matija.testassignments.Test2
test2(com.matija.testassignments.Test2)  Time elapsed: 1.486 s  <<< FAILURE!
java.lang.AssertionError: There is too much cheese on the internet
	at com.matija.testassignments.Test2.test2(Test2.java:22)

